<?xml version="1.0" encoding="UTF-8"?>
<testsuite xmlns:xsi="http://www.w3.org/2001/XMLSchema-instance" xsi:noNamespaceSchemaLocation="https://maven.apache.org/surefire/maven-surefire-plugin/xsd/surefire-test-report-3.0.xsd" version="3.0" name="csc180.roeback.lia.AppTest" time="0.058" tests="18" errors="0" skipped="0" failures="0">
  <properties>
    <property name="java.specification.version" value="24"/>
    <property name="sun.cpu.isalist" value="amd64"/>
    <property name="sun.jnu.encoding" value="Cp1252"/>
    <property name="java.class.path" value="c:\Users\spiel\OneDrive\Documents\GitHub\OpenSourse\validate_phone_number\target\test-classes;c:\Users\spiel\OneDrive\Documents\GitHub\OpenSourse\validate_phone_number\target\classes;C:\Users\spiel\.m2\repository\org\junit\jupiter\junit-jupiter\5.10.0\junit-jupiter-5.10.0.jar;C:\Users\spiel\.m2\repository\org\junit\jupiter\junit-jupiter-api\5.10.0\junit-jupiter-api-5.10.0.jar;C:\Users\spiel\.m2\repository\org\opentest4j\opentest4j\1.3.0\opentest4j-1.3.0.jar;C:\Users\spiel\.m2\repository\org\junit\platform\junit-platform-commons\1.10.0\junit-platform-commons-1.10.0.jar;C:\Users\spiel\.m2\repository\org\apiguardian\apiguardian-api\1.1.2\apiguardian-api-1.1.2.jar;C:\Users\spiel\.m2\repository\org\junit\jupiter\junit-jupiter-params\5.10.0\junit-jupiter-params-5.10.0.jar;C:\Users\spiel\.m2\repository\org\junit\jupiter\junit-jupiter-engine\5.10.0\junit-jupiter-engine-5.10.0.jar;C:\Users\spiel\.m2\repository\org\junit\platform\junit-platform-engine\1.10.0\junit-platform-engine-1.10.0.jar;C:\Users\spiel\.m2\repository\com\googlecode\json-simple\json-simple\1.1.1\json-simple-1.1.1.jar;C:\Users\spiel\.m2\repository\junit\junit\4.10\junit-4.10.jar;C:\Users\spiel\.m2\repository\org\hamcrest\hamcrest-core\1.1\hamcrest-core-1.1.jar;C:\Users\spiel\.m2\repository\com\openhtmltopdf\openhtmltopdf-core\1.0.10\openhtmltopdf-core-1.0.10.jar;C:\Users\spiel\.m2\repository\com\openhtmltopdf\openhtmltopdf-pdfbox\1.0.10\openhtmltopdf-pdfbox-1.0.10.jar;C:\Users\spiel\.m2\repository\org\apache\pdfbox\pdfbox\2.0.24\pdfbox-2.0.24.jar;C:\Users\spiel\.m2\repository\org\apache\pdfbox\fontbox\2.0.24\fontbox-2.0.24.jar;C:\Users\spiel\.m2\repository\commons-logging\commons-logging\1.2\commons-logging-1.2.jar;C:\Users\spiel\.m2\repository\org\apache\pdfbox\xmpbox\2.0.24\xmpbox-2.0.24.jar;C:\Users\spiel\.m2\repository\de\rototor\pdfbox\graphics2d\0.32\graphics2d-0.32.jar;"/>
    <property name="java.vm.vendor" value="Oracle Corporation"/>
    <property name="sun.arch.data.model" value="64"/>
    <property name="user.variant" value=""/>
    <property name="java.vendor.url" value="https://java.oracle.com/"/>
    <property name="user.timezone" value="America/Denver"/>
    <property name="os.name" value="Windows 11"/>
    <property name="java.vm.specification.version" value="24"/>
    <property name="sun.java.launcher" value="SUN_STANDARD"/>
    <property name="user.country" value="US"/>
    <property name="sun.boot.library.path" value="C:\Program Files\Java\jdk-24\bin"/>
    <property name="sun.java.command" value="C:\Users\spiel\AppData\Local\Temp\surefire7495951011919405652\surefirebooter-20250724212221084_3.jar C:\Users\spiel\AppData\Local\Temp\surefire7495951011919405652 2025-07-24T21-22-20_981-jvmRun1 surefire-20250724212221084_1tmp surefire_0-20250724212221084_2tmp"/>
    <property name="jdk.debug" value="release"/>
    <property name="surefire.test.class.path" value="c:\Users\spiel\OneDrive\Documents\GitHub\OpenSourse\validate_phone_number\target\test-classes;c:\Users\spiel\OneDrive\Documents\GitHub\OpenSourse\validate_phone_number\target\classes;C:\Users\spiel\.m2\repository\org\junit\jupiter\junit-jupiter\5.10.0\junit-jupiter-5.10.0.jar;C:\Users\spiel\.m2\repository\org\junit\jupiter\junit-jupiter-api\5.10.0\junit-jupiter-api-5.10.0.jar;C:\Users\spiel\.m2\repository\org\opentest4j\opentest4j\1.3.0\opentest4j-1.3.0.jar;C:\Users\spiel\.m2\repository\org\junit\platform\junit-platform-commons\1.10.0\junit-platform-commons-1.10.0.jar;C:\Users\spiel\.m2\repository\org\apiguardian\apiguardian-api\1.1.2\apiguardian-api-1.1.2.jar;C:\Users\spiel\.m2\repository\org\junit\jupiter\junit-jupiter-params\5.10.0\junit-jupiter-params-5.10.0.jar;C:\Users\spiel\.m2\repository\org\junit\jupiter\junit-jupiter-engine\5.10.0\junit-jupiter-engine-5.10.0.jar;C:\Users\spiel\.m2\repository\org\junit\platform\junit-platform-engine\1.10.0\junit-platform-engine-1.10.0.jar;C:\Users\spiel\.m2\repository\com\googlecode\json-simple\json-simple\1.1.1\json-simple-1.1.1.jar;C:\Users\spiel\.m2\repository\junit\junit\4.10\junit-4.10.jar;C:\Users\spiel\.m2\repository\org\hamcrest\hamcrest-core\1.1\hamcrest-core-1.1.jar;C:\Users\spiel\.m2\repository\com\openhtmltopdf\openhtmltopdf-core\1.0.10\openhtmltopdf-core-1.0.10.jar;C:\Users\spiel\.m2\repository\com\openhtmltopdf\openhtmltopdf-pdfbox\1.0.10\openhtmltopdf-pdfbox-1.0.10.jar;C:\Users\spiel\.m2\repository\org\apache\pdfbox\pdfbox\2.0.24\pdfbox-2.0.24.jar;C:\Users\spiel\.m2\repository\org\apache\pdfbox\fontbox\2.0.24\fontbox-2.0.24.jar;C:\Users\spiel\.m2\repository\commons-logging\commons-logging\1.2\commons-logging-1.2.jar;C:\Users\spiel\.m2\repository\org\apache\pdfbox\xmpbox\2.0.24\xmpbox-2.0.24.jar;C:\Users\spiel\.m2\repository\de\rototor\pdfbox\graphics2d\0.32\graphics2d-0.32.jar;"/>
    <property name="sun.cpu.endian" value="little"/>
    <property name="user.home" value="C:\Users\spiel"/>
    <property name="user.language" value="en"/>
    <property name="java.specification.vendor" value="Oracle Corporation"/>
    <property name="java.version.date" value="2025-04-15"/>
    <property name="java.home" value="C:\Program Files\Java\jdk-24"/>
    <property name="file.separator" value="\"/>
    <property name="basedir" value="c:\Users\spiel\OneDrive\Documents\GitHub\OpenSourse\validate_phone_number"/>
    <property name="java.vm.compressedOopsMode" value="Zero based"/>
    <property name="line.separator" value="&#10;"/>
    <property name="java.vm.specification.vendor" value="Oracle Corporation"/>
    <property name="java.specification.name" value="Java Platform API Specification"/>
    <property name="surefire.real.class.path" value="C:\Users\spiel\AppData\Local\Temp\surefire7495951011919405652\surefirebooter-20250724212221084_3.jar"/>
    <property name="user.script" value=""/>
    <property name="sun.management.compiler" value="HotSpot 64-Bit Tiered Compilers"/>
    <property name="java.runtime.version" value="24.0.1+9-30"/>
    <property name="user.name" value="spiel"/>
    <property name="stdout.encoding" value="Cp1252"/>
    <property name="path.separator" value=";"/>
    <property name="os.version" value="10.0"/>
    <property name="java.runtime.name" value="Java(TM) SE Runtime Environment"/>
    <property name="file.encoding" value="UTF-8"/>
    <property name="java.vm.name" value="Java HotSpot(TM) 64-Bit Server VM"/>
    <property name="localRepository" value="C:\Users\spiel\.m2\repository"/>
    <property name="java.vendor.url.bug" value="https://bugreport.java.com/bugreport/"/>
    <property name="java.io.tmpdir" value="C:\Users\spiel\AppData\Local\Temp\"/>
    <property name="java.version" value="24.0.1"/>
    <property name="user.dir" value="c:\Users\spiel\OneDrive\Documents\GitHub\OpenSourse\validate_phone_number"/>
    <property name="os.arch" value="amd64"/>
    <property name="java.vm.specification.name" value="Java Virtual Machine Specification"/>
    <property name="sun.os.patch.level" value=""/>
    <property name="native.encoding" value="Cp1252"/>
    <property name="java.library.path" value="C:\Program Files\Java\jdk-24\bin;C:\WINDOWS\Sun\Java\bin;C:\WINDOWS\system32;C:\WINDOWS;C:\Program Files\Common Files\Oracle\Java\javapath;C:\WINDOWS\system32;C:\WINDOWS;C:\WINDOWS\System32\Wbem;C:\WINDOWS\System32\WindowsPowerShell\v1.0\;C:\WINDOWS\System32\OpenSSH\;C:\Program Files (x86)\NVIDIA Corporation\PhysX\Common;C:\Program Files\dotnet\;C:\Program Files\NVIDIA Corporation\NVIDIA app\NvDLISR;C:\Program Files\Git\cmd;C:\Program Files (x86)\Windows Kits\10\Windows Performance Toolkit\;C:\Program Files\Java\jdk-24\bin;C:\Users\spiel\AppData\Local\Programs\Python\Python312\Scripts\;C:\Users\spiel\AppData\Local\Programs\Python\Python312\;C:\Users\spiel\AppData\Local\Microsoft\WindowsApps;C:\Users\spiel\AppData\Local\Muse Hub\lib;C:\Users\spiel\.dotnet\tools;C:\Users\spiel\AppData\Local\GitHubDesktop\bin;C:\msys64\ucrt64\bin;C:\Users\spiel\Downloads\apache-maven-3.9.10-bin\apache-maven-3.9.10\bin;C:\Users\spiel\AppData\Local\Programs\Microsoft VS Code\bin;;c:\Users\spiel\.vscode\extensions\ms-python.debugpy-2025.8.0-win32-x64\bundled\scripts\noConfigScripts;."/>
    <property name="java.vm.info" value="mixed mode, sharing"/>
    <property name="stderr.encoding" value="Cp1252"/>
    <property name="java.vendor" value="Oracle Corporation"/>
    <property name="java.vm.version" value="24.0.1+9-30"/>
    <property name="sun.io.unicode.encoding" value="UnicodeLittle"/>
    <property name="java.class.version" value="68.0"/>
  </properties>
  <testcase name="shouldAnswerWithTrue0" classname="csc180.roeback.lia.AppTest" time="0.018">
    <system-out><![CDATA[Phone Number has been set to : 111-111-1111
]]></system-out>
  </testcase>
  <testcase name="shouldAnswerWithTrue1" classname="csc180.roeback.lia.AppTest" time="0.001">
    <system-out><![CDATA[Name has been set to : John Milks Booth
]]></system-out>
  </testcase>
  <testcase name="shouldAnswerWithTrue2" classname="csc180.roeback.lia.AppTest" time="0.001">
    <system-out><![CDATA[Name has been set to : John Booth
]]></system-out>
  </testcase>
  <testcase name="shouldAnswerWithFalse0" classname="csc180.roeback.lia.AppTest" time="0.001">
    <system-out><![CDATA[Invalid Phone Number
]]></system-out>
  </testcase>
  <testcase name="shouldAnswerWithFalse1" classname="csc180.roeback.lia.AppTest" time="0.0">
    <system-out><![CDATA[Invalid Phone Number
]]></system-out>
  </testcase>
  <testcase name="shouldAnswerWithFalse2" classname="csc180.roeback.lia.AppTest" time="0.0">
    <system-out><![CDATA[Invalid Phone Number
Invalid Phone Number
Invalid Phone Number
]]></system-out>
  </testcase>
  <testcase name="shouldAnswerWithFalse3" classname="csc180.roeback.lia.AppTest" time="0.001">
    <system-out><![CDATA[Invalid Phone Number
]]></system-out>
  </testcase>
  <testcase name="shouldAnswerWithFalse4" classname="csc180.roeback.lia.AppTest" time="0.001">
    <system-out><![CDATA[Invalid Phone Number
]]></system-out>
  </testcase>
  <testcase name="shouldAnswerWithFalse5" classname="csc180.roeback.lia.AppTest" time="0.001">
    <system-out><![CDATA[Invalid Name
]]></system-out>
  </testcase>
  <testcase name="shouldAnswerWithFalse8" classname="csc180.roeback.lia.AppTest" time="0.001">
    <system-out><![CDATA[Invalid Name
]]></system-out>
  </testcase>
  <testcase name="shouldAnswerWithFalse9" classname="csc180.roeback.lia.AppTest" time="0.0">
    <system-out><![CDATA[Invalid Name
]]></system-out>
  </testcase>
  <testcase name="shouldAnswerWithFalseA" classname="csc180.roeback.lia.AppTest" time="0.0">
    <system-out><![CDATA[Invalid Name
]]></system-out>
  </testcase>
  <testcase name="shouldAnswerWithFalseA1" classname="csc180.roeback.lia.AppTest" time="0.001">
    <system-out><![CDATA[Invalid Name
]]></system-out>
  </testcase>
  <testcase name="shouldAnswerWithFalseA2" classname="csc180.roeback.lia.AppTest" time="0.001">
    <system-out><![CDATA[Invalid Name
]]></system-out>
  </testcase>
  <testcase name="shouldAnswerWithFalseA3" classname="csc180.roeback.lia.AppTest" time="0.0">
    <system-out><![CDATA[Invalid Name
]]></system-out>
  </testcase>
  <testcase name="shouldAnswerWithFalseA4" classname="csc180.roeback.lia.AppTest" time="0.0">
    <system-out><![CDATA[Invalid Name
]]></system-out>
  </testcase>
  <testcase name="shouldAnswerWithFalseA5" classname="csc180.roeback.lia.AppTest" time="0.0">
    <system-out><![CDATA[Invalid Name
]]></system-out>
  </testcase>
  <testcase name="shouldAnswerWithFalseA6" classname="csc180.roeback.lia.AppTest" time="0.001">
    <system-out><![CDATA[Invalid Name
]]></system-out>
  </testcase>
</testsuite>